<?xml version="1.0" encoding="UTF-8"?>
<TestRun id="6c9a0ae4-b120-4372-ae79-5471e99f8aea" name="kyota@KYOTA-PC 2013-02-21 11:52:27" runUser="kyota-PC\kyota" xmlns="http://microsoft.com/schemas/VisualStudio/TeamTest/2010">
  <TestSettings name="ローカル" id="07efbd95-af83-4854-867a-eb867ffe706f">
    <Description>これらはローカル テスト実行用の既定のテスト設定です。</Description>
    <Deployment enabled="false" runDeploymentRoot="kyota_KYOTA-PC 2013-02-21 11_52_27">
      <DeploymentItem filename="D:\Spikes\Training\Training1\Training1\bin\Debug\Training1.exe" />
    </Deployment>
    <Execution>
      <TestTypeSpecific />
      <AgentRule name="Execution Agents">
      </AgentRule>
    </Execution>
  </TestSettings>
  <Times creation="2013-02-21T11:52:27.9923866+09:00" queuing="2013-02-21T11:52:28.0483898+09:00" start="2013-02-21T11:52:28.0663908+09:00" finish="2013-02-21T11:52:28.4594133+09:00" />
  <ResultSummary outcome="Warning">
    <Counters total="1" executed="1" passed="1" error="0" failed="0" timeout="0" aborted="0" inconclusive="0" passedButRunAborted="0" notRunnable="0" notExecuted="0" disconnected="0" warning="0" completed="0" inProgress="0" pending="0" />
    <RunInfos>
      <RunInfo computerName="KYOTA-PC" outcome="Warning" timestamp="2013-02-21T11:52:28.0483898+09:00">
        <Text>配置は現在無効になっています。テスト 'Training1Tests.Form1Test.CalcTest' の配置項目 'Training1.exe' は配置されていません。</Text>
      </RunInfo>
    </RunInfos>
  </ResultSummary>
  <TestDefinitions>
    <UnitTest name="CalcTest" storage="d:\spikes\training\training1\training1tests\bin\debug\training1tests.dll" id="69f67da5-0371-4616-a584-4a94ff72a0fa">
      <DeploymentItems>
        <DeploymentItem filename="Training1.exe" />
      </DeploymentItems>
      <Execution id="07cac64f-49d0-4e5f-bce5-a67d82ce94a4" />
      <TestMethod codeBase="D:/Spikes/Training/Training1/Training1Tests/bin/Debug/Training1Tests.DLL" adapterTypeName="Microsoft.VisualStudio.TestTools.TestTypes.Unit.UnitTestAdapter, Microsoft.VisualStudio.QualityTools.Tips.UnitTest.Adapter, Version=10.0.0.0, Culture=neutral, PublicKeyToken=b03f5f7f11d50a3a" className="Training1Tests.Form1Test, Training1Tests, Version=1.0.0.0, Culture=neutral, PublicKeyToken=null" name="CalcTest" />
    </UnitTest>
  </TestDefinitions>
  <TestLists>
    <TestList name="一覧に存在しない結果" id="8c84fa94-04c1-424b-9868-57a2d4851a1d" />
    <TestList name="読み込まれたすべての結果" id="19431567-8539-422a-85d7-44ee4e166bda" />
  </TestLists>
  <TestEntries>
    <TestEntry testId="69f67da5-0371-4616-a584-4a94ff72a0fa" executionId="07cac64f-49d0-4e5f-bce5-a67d82ce94a4" testListId="8c84fa94-04c1-424b-9868-57a2d4851a1d" />
  </TestEntries>
  <Results>
    <UnitTestResult executionId="07cac64f-49d0-4e5f-bce5-a67d82ce94a4" testId="69f67da5-0371-4616-a584-4a94ff72a0fa" testName="CalcTest" computerName="KYOTA-PC" duration="00:00:00.0793082" startTime="2013-02-21T11:52:28.0843918+09:00" endTime="2013-02-21T11:52:28.4224112+09:00" testType="13cdc9d9-ddb5-4fa4-a97d-d965ccfc6d4b" outcome="Passed" testListId="8c84fa94-04c1-424b-9868-57a2d4851a1d" relativeResultsDirectory="07cac64f-49d0-4e5f-bce5-a67d82ce94a4">
    </UnitTestResult>
  </Results>
</TestRun>