<?xml version="1.0" encoding="UTF-8"?>
<TestRun id="e12b70f1-bc67-4c95-ae64-14d8fc01efc1" name="kyota@KYOTA-PC 2013-02-21 11:57:44" runUser="kyota-PC\kyota" xmlns="http://microsoft.com/schemas/VisualStudio/TeamTest/2010">
  <TestSettings name="ローカル" id="07efbd95-af83-4854-867a-eb867ffe706f">
    <Description>これらはローカル テスト実行用の既定のテスト設定です。</Description>
    <Deployment userDeploymentRoot="D:\Spikes\Training\Training1\TestResults" useDefaultDeploymentRoot="false" runDeploymentRoot="kyota_KYOTA-PC 2013-02-21 11_57_44">
      <DeploymentItem filename="D:\Spikes\Training\Training1\Training1\bin\Release\Training1.exe" />
    </Deployment>
    <Execution>
      <TestTypeSpecific>
        <UnitTestRunConfig testTypeId="13cdc9d9-ddb5-4fa4-a97d-d965ccfc6d4b">
          <AssemblyResolution>
            <TestDirectory useLoadContext="true" />
          </AssemblyResolution>
        </UnitTestRunConfig>
      </TestTypeSpecific>
      <AgentRule name="LocalMachineDefaultRole">
        <DataCollectors>
          <DataCollector uri="datacollector://microsoft/CodeCoverage/1.0" assemblyQualifiedName="Microsoft.VisualStudio.TestTools.CodeCoverage.CoveragePlugIn, Microsoft.VisualStudio.QualityTools.Plugins.CodeCoverage, Version=10.0.0.0, Culture=neutral, PublicKeyToken=b03f5f7f11d50a3a" friendlyName="コード カバレッジ">
          </DataCollector>
        </DataCollectors>
      </AgentRule>
    </Execution>
  </TestSettings>
  <Times creation="2013-02-21T11:57:44.7199137+09:00" queuing="2013-02-21T11:57:45.3601443+09:00" start="2013-02-21T11:57:45.4511495+09:00" finish="2013-02-21T11:57:46.5219649+09:00" />
  <ResultSummary outcome="Completed">
    <Counters total="8" executed="8" passed="8" error="0" failed="0" timeout="0" aborted="0" inconclusive="0" passedButRunAborted="0" notRunnable="0" notExecuted="0" disconnected="0" warning="0" completed="0" inProgress="0" pending="0" />
  </ResultSummary>
  <TestDefinitions>
    <UnitTest name="IsNumericTest" storage="d:\spikes\training\training1\training1tests\bin\release\training1tests.dll" id="6bdf15ce-d883-4198-2f58-91b0666aa2a1">
      <DeploymentItems>
        <DeploymentItem filename="Training1.exe" />
      </DeploymentItems>
      <Execution id="d4caabf5-8479-4513-97c7-91feb33d04bd" />
      <TestMethod codeBase="D:/Spikes/Training/Training1/Training1Tests/bin/Release/Training1Tests.DLL" adapterTypeName="Microsoft.VisualStudio.TestTools.TestTypes.Unit.UnitTestAdapter, Microsoft.VisualStudio.QualityTools.Tips.UnitTest.Adapter, Version=10.0.0.0, Culture=neutral, PublicKeyToken=b03f5f7f11d50a3a" className="Training1Tests.Form1Test, Training1Tests, Version=1.0.0.0, Culture=neutral, PublicKeyToken=null" name="IsNumericTest" />
    </UnitTest>
    <UnitTest name="GetAllOperatorsTest" storage="d:\spikes\training\training1\training1tests\bin\release\training1tests.dll" id="e9b044af-67de-bd9e-efff-b1ba523a9300">
      <Execution id="15d85eca-2f64-4e4e-985a-800169621768" />
      <TestMethod codeBase="D:/Spikes/Training/Training1/Training1Tests/bin/Release/Training1Tests.DLL" adapterTypeName="Microsoft.VisualStudio.TestTools.TestTypes.Unit.UnitTestAdapter, Microsoft.VisualStudio.QualityTools.Tips.UnitTest.Adapter, Version=10.0.0.0, Culture=neutral, PublicKeyToken=b03f5f7f11d50a3a" className="Training1Tests.OperatorHelperTest, Training1Tests, Version=1.0.0.0, Culture=neutral, PublicKeyToken=null" name="GetAllOperatorsTest" />
    </UnitTest>
    <UnitTest name="InitializeFormTest" storage="d:\spikes\training\training1\training1tests\bin\release\training1tests.dll" id="9ce93b0d-d803-f84d-24b8-30b9f851cd27">
      <DeploymentItems>
        <DeploymentItem filename="Training1.exe" />
      </DeploymentItems>
      <Execution id="9824f644-207b-4447-9d90-3a216a58a657" />
      <TestMethod codeBase="D:/Spikes/Training/Training1/Training1Tests/bin/Release/Training1Tests.DLL" adapterTypeName="Microsoft.VisualStudio.TestTools.TestTypes.Unit.UnitTestAdapter, Microsoft.VisualStudio.QualityTools.Tips.UnitTest.Adapter, Version=10.0.0.0, Culture=neutral, PublicKeyToken=b03f5f7f11d50a3a" className="Training1Tests.Form1Test, Training1Tests, Version=1.0.0.0, Culture=neutral, PublicKeyToken=null" name="InitializeFormTest" />
    </UnitTest>
    <UnitTest name="CalcurationTest" storage="d:\spikes\training\training1\training1tests\bin\release\training1tests.dll" id="581c5356-29ed-b7d4-ef75-c8bb9147f637">
      <Execution id="478da0b2-81ad-446c-a99a-67ab8ac112fd" />
      <TestMethod codeBase="D:/Spikes/Training/Training1/Training1Tests/bin/Release/Training1Tests.DLL" adapterTypeName="Microsoft.VisualStudio.TestTools.TestTypes.Unit.UnitTestAdapter, Microsoft.VisualStudio.QualityTools.Tips.UnitTest.Adapter, Version=10.0.0.0, Culture=neutral, PublicKeyToken=b03f5f7f11d50a3a" className="Training1Tests.OperatorHelperTest, Training1Tests, Version=1.0.0.0, Culture=neutral, PublicKeyToken=null" name="CalcurationTest" />
    </UnitTest>
    <UnitTest name="ToSignTest" storage="d:\spikes\training\training1\training1tests\bin\release\training1tests.dll" id="61229d65-f4f0-6f47-87f0-cdf79873e45f">
      <Execution id="efa51a26-41cd-4f16-ac7f-086935af1587" />
      <TestMethod codeBase="D:/Spikes/Training/Training1/Training1Tests/bin/Release/Training1Tests.DLL" adapterTypeName="Microsoft.VisualStudio.TestTools.TestTypes.Unit.UnitTestAdapter, Microsoft.VisualStudio.QualityTools.Tips.UnitTest.Adapter, Version=10.0.0.0, Culture=neutral, PublicKeyToken=b03f5f7f11d50a3a" className="Training1Tests.OperatorExtensionTest, Training1Tests, Version=1.0.0.0, Culture=neutral, PublicKeyToken=null" name="ToSignTest" />
    </UnitTest>
    <UnitTest name="CalcTest" storage="d:\spikes\training\training1\training1tests\bin\release\training1tests.dll" id="69f67da5-0371-4616-a584-4a94ff72a0fa">
      <DeploymentItems>
        <DeploymentItem filename="Training1.exe" />
      </DeploymentItems>
      <Execution id="950fede1-5e2e-43e5-b851-ef67086900de" />
      <TestMethod codeBase="D:/Spikes/Training/Training1/Training1Tests/bin/Release/Training1Tests.DLL" adapterTypeName="Microsoft.VisualStudio.TestTools.TestTypes.Unit.UnitTestAdapter, Microsoft.VisualStudio.QualityTools.Tips.UnitTest.Adapter, Version=10.0.0.0, Culture=neutral, PublicKeyToken=b03f5f7f11d50a3a" className="Training1Tests.Form1Test, Training1Tests, Version=1.0.0.0, Culture=neutral, PublicKeyToken=null" name="CalcTest" />
    </UnitTest>
    <UnitTest name="SignToOperatorsTest" storage="d:\spikes\training\training1\training1tests\bin\release\training1tests.dll" id="8c41f88d-c195-a1e2-0eff-4ef1f1c2fe14">
      <Execution id="ed9a6330-2e79-4422-a19e-8977016d2c6c" />
      <TestMethod codeBase="D:/Spikes/Training/Training1/Training1Tests/bin/Release/Training1Tests.DLL" adapterTypeName="Microsoft.VisualStudio.TestTools.TestTypes.Unit.UnitTestAdapter, Microsoft.VisualStudio.QualityTools.Tips.UnitTest.Adapter, Version=10.0.0.0, Culture=neutral, PublicKeyToken=b03f5f7f11d50a3a" className="Training1Tests.OperatorHelperTest, Training1Tests, Version=1.0.0.0, Culture=neutral, PublicKeyToken=null" name="SignToOperatorsTest" />
    </UnitTest>
    <UnitTest name="ToIntTest" storage="d:\spikes\training\training1\training1tests\bin\release\training1tests.dll" id="dadc2ea9-4bfe-b3ab-36a0-89576fd1b415">
      <Execution id="ff7bf6b4-2cbc-4739-aad8-86923aa569e7" />
      <TestMethod codeBase="D:/Spikes/Training/Training1/Training1Tests/bin/Release/Training1Tests.DLL" adapterTypeName="Microsoft.VisualStudio.TestTools.TestTypes.Unit.UnitTestAdapter, Microsoft.VisualStudio.QualityTools.Tips.UnitTest.Adapter, Version=10.0.0.0, Culture=neutral, PublicKeyToken=b03f5f7f11d50a3a" className="Training1Tests.TextBoxExtensionsTest, Training1Tests, Version=1.0.0.0, Culture=neutral, PublicKeyToken=null" name="ToIntTest" />
    </UnitTest>
  </TestDefinitions>
  <TestLists>
    <TestList name="一覧に存在しない結果" id="8c84fa94-04c1-424b-9868-57a2d4851a1d" />
    <TestList name="読み込まれたすべての結果" id="19431567-8539-422a-85d7-44ee4e166bda" />
  </TestLists>
  <TestEntries>
    <TestEntry testId="581c5356-29ed-b7d4-ef75-c8bb9147f637" executionId="478da0b2-81ad-446c-a99a-67ab8ac112fd" testListId="8c84fa94-04c1-424b-9868-57a2d4851a1d" />
    <TestEntry testId="61229d65-f4f0-6f47-87f0-cdf79873e45f" executionId="efa51a26-41cd-4f16-ac7f-086935af1587" testListId="8c84fa94-04c1-424b-9868-57a2d4851a1d" />
    <TestEntry testId="69f67da5-0371-4616-a584-4a94ff72a0fa" executionId="950fede1-5e2e-43e5-b851-ef67086900de" testListId="8c84fa94-04c1-424b-9868-57a2d4851a1d" />
    <TestEntry testId="6bdf15ce-d883-4198-2f58-91b0666aa2a1" executionId="d4caabf5-8479-4513-97c7-91feb33d04bd" testListId="8c84fa94-04c1-424b-9868-57a2d4851a1d" />
    <TestEntry testId="8c41f88d-c195-a1e2-0eff-4ef1f1c2fe14" executionId="ed9a6330-2e79-4422-a19e-8977016d2c6c" testListId="8c84fa94-04c1-424b-9868-57a2d4851a1d" />
    <TestEntry testId="9ce93b0d-d803-f84d-24b8-30b9f851cd27" executionId="9824f644-207b-4447-9d90-3a216a58a657" testListId="8c84fa94-04c1-424b-9868-57a2d4851a1d" />
    <TestEntry testId="dadc2ea9-4bfe-b3ab-36a0-89576fd1b415" executionId="ff7bf6b4-2cbc-4739-aad8-86923aa569e7" testListId="8c84fa94-04c1-424b-9868-57a2d4851a1d" />
    <TestEntry testId="e9b044af-67de-bd9e-efff-b1ba523a9300" executionId="15d85eca-2f64-4e4e-985a-800169621768" testListId="8c84fa94-04c1-424b-9868-57a2d4851a1d" />
  </TestEntries>
  <Results>
    <UnitTestResult executionId="478da0b2-81ad-446c-a99a-67ab8ac112fd" testId="581c5356-29ed-b7d4-ef75-c8bb9147f637" testName="CalcurationTest" computerName="KYOTA-PC" duration="00:00:00.0424346" startTime="2013-02-21T11:57:46.0435626+09:00" endTime="2013-02-21T11:57:46.3503646+09:00" testType="13cdc9d9-ddb5-4fa4-a97d-d965ccfc6d4b" outcome="Passed" testListId="8c84fa94-04c1-424b-9868-57a2d4851a1d" relativeResultsDirectory="478da0b2-81ad-446c-a99a-67ab8ac112fd">
    </UnitTestResult>
    <UnitTestResult executionId="efa51a26-41cd-4f16-ac7f-086935af1587" testId="61229d65-f4f0-6f47-87f0-cdf79873e45f" testName="ToSignTest" computerName="KYOTA-PC" duration="00:00:00.0015561" startTime="2013-02-21T11:57:46.3503646+09:00" endTime="2013-02-21T11:57:46.3659646+09:00" testType="13cdc9d9-ddb5-4fa4-a97d-d965ccfc6d4b" outcome="Passed" testListId="8c84fa94-04c1-424b-9868-57a2d4851a1d" relativeResultsDirectory="efa51a26-41cd-4f16-ac7f-086935af1587">
    </UnitTestResult>
    <UnitTestResult executionId="950fede1-5e2e-43e5-b851-ef67086900de" testId="69f67da5-0371-4616-a584-4a94ff72a0fa" testName="CalcTest" computerName="KYOTA-PC" duration="00:00:00.0542945" startTime="2013-02-21T11:57:46.3659646+09:00" endTime="2013-02-21T11:57:46.4283647+09:00" testType="13cdc9d9-ddb5-4fa4-a97d-d965ccfc6d4b" outcome="Passed" testListId="8c84fa94-04c1-424b-9868-57a2d4851a1d" relativeResultsDirectory="950fede1-5e2e-43e5-b851-ef67086900de">
    </UnitTestResult>
    <UnitTestResult executionId="d4caabf5-8479-4513-97c7-91feb33d04bd" testId="6bdf15ce-d883-4198-2f58-91b0666aa2a1" testName="IsNumericTest" computerName="KYOTA-PC" duration="00:00:00.0047076" startTime="2013-02-21T11:57:46.4283647+09:00" endTime="2013-02-21T11:57:46.4439647+09:00" testType="13cdc9d9-ddb5-4fa4-a97d-d965ccfc6d4b" outcome="Passed" testListId="8c84fa94-04c1-424b-9868-57a2d4851a1d" relativeResultsDirectory="d4caabf5-8479-4513-97c7-91feb33d04bd">
    </UnitTestResult>
    <UnitTestResult executionId="ed9a6330-2e79-4422-a19e-8977016d2c6c" testId="8c41f88d-c195-a1e2-0eff-4ef1f1c2fe14" testName="SignToOperatorsTest" computerName="KYOTA-PC" duration="00:00:00.0014166" startTime="2013-02-21T11:57:46.4439647+09:00" endTime="2013-02-21T11:57:46.4439647+09:00" testType="13cdc9d9-ddb5-4fa4-a97d-d965ccfc6d4b" outcome="Passed" testListId="8c84fa94-04c1-424b-9868-57a2d4851a1d" relativeResultsDirectory="ed9a6330-2e79-4422-a19e-8977016d2c6c">
    </UnitTestResult>
    <UnitTestResult executionId="9824f644-207b-4447-9d90-3a216a58a657" testId="9ce93b0d-d803-f84d-24b8-30b9f851cd27" testName="InitializeFormTest" computerName="KYOTA-PC" duration="00:00:00.0021856" startTime="2013-02-21T11:57:46.4595648+09:00" endTime="2013-02-21T11:57:46.4595648+09:00" testType="13cdc9d9-ddb5-4fa4-a97d-d965ccfc6d4b" outcome="Passed" testListId="8c84fa94-04c1-424b-9868-57a2d4851a1d" relativeResultsDirectory="9824f644-207b-4447-9d90-3a216a58a657">
    </UnitTestResult>
    <UnitTestResult executionId="ff7bf6b4-2cbc-4739-aad8-86923aa569e7" testId="dadc2ea9-4bfe-b3ab-36a0-89576fd1b415" testName="ToIntTest" computerName="KYOTA-PC" duration="00:00:00.0102790" startTime="2013-02-21T11:57:46.4595648+09:00" endTime="2013-02-21T11:57:46.4751648+09:00" testType="13cdc9d9-ddb5-4fa4-a97d-d965ccfc6d4b" outcome="Passed" testListId="8c84fa94-04c1-424b-9868-57a2d4851a1d" relativeResultsDirectory="ff7bf6b4-2cbc-4739-aad8-86923aa569e7">
    </UnitTestResult>
    <UnitTestResult executionId="15d85eca-2f64-4e4e-985a-800169621768" testId="e9b044af-67de-bd9e-efff-b1ba523a9300" testName="GetAllOperatorsTest" computerName="KYOTA-PC" duration="00:00:00.0003186" startTime="2013-02-21T11:57:46.4907648+09:00" endTime="2013-02-21T11:57:46.4907648+09:00" testType="13cdc9d9-ddb5-4fa4-a97d-d965ccfc6d4b" outcome="Passed" testListId="8c84fa94-04c1-424b-9868-57a2d4851a1d" relativeResultsDirectory="15d85eca-2f64-4e4e-985a-800169621768">
    </UnitTestResult>
  </Results>
</TestRun>